Thu Mar 24 10:55:35 CST 2022
gpu7
Thu Mar 24 10:55:35 2022       
+-----------------------------------------------------------------------------+
| NVIDIA-SMI 495.29.05    Driver Version: 495.29.05    CUDA Version: 11.5     |
|-------------------------------+----------------------+----------------------+
| GPU  Name        Persistence-M| Bus-Id        Disp.A | Volatile Uncorr. ECC |
| Fan  Temp  Perf  Pwr:Usage/Cap|         Memory-Usage | GPU-Util  Compute M. |
|                               |                      |               MIG M. |
|===============================+======================+======================|
|   0  Tesla P100-PCIE...  Off  | 00000000:84:00.0 Off |                    0 |
| N/A   33C    P0    30W / 250W |  15836MiB / 16280MiB |     15%      Default |
|                               |                      |                  N/A |
+-------------------------------+----------------------+----------------------+
|   1  Tesla P100-PCIE...  Off  | 00000000:88:00.0 Off |                    0 |
| N/A   62C    P0   197W / 250W |  12399MiB / 16280MiB |     99%      Default |
|                               |                      |                  N/A |
+-------------------------------+----------------------+----------------------+
                                                                               
+-----------------------------------------------------------------------------+
| Processes:                                                                  |
|  GPU   GI   CI        PID   Type   Process name                  GPU Memory |
|        ID   ID                                                   Usage      |
|=============================================================================|
|    0   N/A  N/A      2745      C   ...-3.6.1/lib64/R/bin/exec/R    14207MiB |
|    0   N/A  N/A     13700      C   ...-3.6.1/lib64/R/bin/exec/R     1627MiB |
|    1   N/A  N/A      2745      C   ...-3.6.1/lib64/R/bin/exec/R      367MiB |
|    1   N/A  N/A     13700      C   ...-3.6.1/lib64/R/bin/exec/R      367MiB |
|    1   N/A  N/A     20821      C   ...uqi/anaconda3/bin/python3    11663MiB |
+-----------------------------------------------------------------------------+
Thu Mar 24 10:55:35 CST 2022
